<?xml version="1.0" encoding="UTF-8"?>
<!-- Generated by org.testng.reporters.JUnitReportReporter -->
<testsuite skipped="0" hostname="Infva06796" name="march15.CsvRead" tests="1" failures="0" timestamp="15 Mar 2019 09:20:44 GMT" time="0.069" errors="0">
  <testcase name="f" time="0.069" classname="march15.CsvRead"/>
</testsuite> <!-- march15.CsvRead -->
