<?xml version="1.0" encoding="UTF-8"?>
<!-- Generated by org.testng.reporters.JUnitReportReporter -->
<testsuite skipped="0" hostname="Infva06796" name="march15.Ref" tests="1" failures="0" timestamp="15 Mar 2019 12:03:01 GMT" time="0.086" errors="0">
  <testcase name="f" time="0.086" classname="march15.Ref"/>
</testsuite> <!-- march15.Ref -->
